<?xml version="1.0" encoding="UTF-8"?>
<testng-results ignored="0" total="1" passed="1" failed="0" skipped="0">
  <reporter-output>
  </reporter-output>
  <suite started-at="2023-09-10T22:38:52 IST" name="Suite" finished-at="2023-09-10T22:38:55 IST" duration-ms="2750">
    <groups>
    </groups>
    <test started-at="2023-09-10T22:38:52 IST" name="Test" finished-at="2023-09-10T22:38:55 IST" duration-ms="2750">
      <class name="practice_mvn.Pratice_Class">
        <test-method is-config="true" signature="lunchBrowser()[pri:0, instance:practice_mvn.Pratice_Class@77888435]" started-at="2023-09-10T22:38:49 IST" name="lunchBrowser" finished-at="2023-09-10T22:38:52 IST" duration-ms="3511" status="PASS">
          <reporter-output>
          </reporter-output>
        </test-method> <!-- lunchBrowser -->
        <test-method signature="openWebsite()[pri:0, instance:practice_mvn.Pratice_Class@77888435]" started-at="2023-09-10T22:38:52 IST" name="openWebsite" finished-at="2023-09-10T22:38:55 IST" duration-ms="2702" status="PASS">
          <reporter-output>
          </reporter-output>
        </test-method> <!-- openWebsite -->
      </class> <!-- practice_mvn.Pratice_Class -->
    </test> <!-- Test -->
  </suite> <!-- Suite -->
</testng-results>
